#
# Library build progress log - generated by dep_prg.mk and dep_lib.mk
#
LIBS_READY  += bionic
LIBS_READY  += bionic_c
LIBS_READY  += bionic_libc-aeabi
LIBS_READY  += platform
LIBS_READY  += bionic_libc_malloc
LIBS_READY  += bionic_libc_bionic
LIBS_READY  += bionic_libc_x86
LIBS_READY  += bionic_libc_libc_so
LIBS_READY  += binoic_libc_common
LIBS_READY  += bionic_libc_dns
LIBS_READY  += bionic_libc_freebsd
LIBS_READY  += bionic_libc_gdtoa
LIBS_READY  += bionic_libc_netbsd
LIBS_READY  += bionic_libc_openbsd
LIBS_READY  += bionic_stack_protector
LIBS_READY  += bionic_libc_syscalls
LIBS_READY  += bionic_libc_tzcode
LIBS_READY  += bionic_libdl
LIBS_READY  += ldso-startup
LIBS_READY  += ld
LIBS_READY  += base-common
LIBS_READY  += syscall
LIBS_READY  += base
LIBS_READY  += startup
LIBS_READY  += cxx
LIBS_READY  += timed_semaphore
LIBS_READY  += alarm
LIBS_READY  += config
LIBS_READY  += ldso-arch
LIBS_READY  += bionic_libc_malloc_debug_qemu
LIBS_READY  += bionic_libstdc++_a
LIBS_READY  += bionic_libstdc++_so
LIBS_READY  += bionic_libm_so
LIBS_READY  += bionic_libm_a
